<?xml version="1.0" encoding="UTF-8"?>
<!-- Generated by org.testng.reporters.JUnitXMLReporter -->
<testsuite hostname="nvginws168" ignored="2" name="Default test" tests="1" failures="0" timestamp="02 Jan 2019 10:21:45 GMT" time="185.067" errors="0">
  <testcase name="create_shipment" time="167.745" classname="com.qa.shipment.test.Login"/>
  <testcase name="search_shipment_global" time="0.0" classname="com.qa.shipment.test.Login">
    <ignored/>
  </testcase> <!-- search_shipment_global -->
  <testcase name="search_shipment_number" time="0.0" classname="com.qa.shipment.test.Login">
    <ignored/>
  </testcase> <!-- search_shipment_number -->
</testsuite> <!-- Default test -->
