<?xml version="1.0" encoding="UTF-8"?>
<!-- Generated by org.testng.reporters.JUnitXMLReporter -->
<testsuite hostname="nvginws168" ignored="3" name="Default test" tests="1" failures="0" timestamp="04 Jan 2019 12:29:07 GMT" time="202.836" errors="0">
  <testcase name="create_shipment" time="183.875" classname="com.qa.shipment.test.Login"/>
  <testcase name="search_shipment_number" time="0.0" classname="com.qa.shipment.test.Login">
    <ignored/>
  </testcase> <!-- search_shipment_number -->
  <testcase name="Edit_shipment_number" time="0.0" classname="com.qa.shipment.test.Login">
    <ignored/>
  </testcase> <!-- Edit_shipment_number -->
  <testcase name="global_shipment_search" time="0.0" classname="com.qa.shipment.test.Login">
    <ignored/>
  </testcase> <!-- global_shipment_search -->
</testsuite> <!-- Default test -->
