<?xml version="1.0" encoding="UTF-8"?>
<!-- Generated by org.testng.reporters.JUnitXMLReporter -->
<testsuite hostname="nvginws168" ignored="0" name="Shipment Module" tests="3" failures="0" timestamp="02 Jan 2019 10:41:09 GMT" time="302.567" errors="0">
  <testcase name="create_shipment" time="169.675" classname="com.qa.shipment.test.Login"/>
  <testcase name="search_shipment_global" time="35.834" classname="com.qa.shipment.test.Login"/>
  <testcase name="search_shipment_number" time="44.633" classname="com.qa.shipment.test.Login"/>
</testsuite> <!-- Shipment Module -->
