<?xml version="1.0" encoding="UTF-8"?>
<testng-results skipped="0" failed="0" ignored="3" total="4" passed="1">
  <reporter-output>
  </reporter-output>
  <suite name="Default suite" duration-ms="202836" started-at="2019-01-04T12:25:44Z" finished-at="2019-01-04T12:29:07Z">
    <groups>
    </groups>
    <test name="Default test" duration-ms="202836" started-at="2019-01-04T12:25:44Z" finished-at="2019-01-04T12:29:07Z">
      <class name="com.qa.shipment.test.Login">
        <test-method status="PASS" signature="login()[pri:0, instance:com.qa.shipment.test.Login@1e88b3c]" name="login" is-config="true" duration-ms="16610" started-at="2019-01-04T12:25:44Z" finished-at="2019-01-04T12:26:01Z">
          <reporter-output>
          </reporter-output>
        </test-method> <!-- login -->
        <test-method status="PASS" signature="create_shipment()[pri:0, instance:com.qa.shipment.test.Login@1e88b3c]" name="create_shipment" duration-ms="183875" started-at="2019-01-04T12:26:01Z" finished-at="2019-01-04T12:29:05Z">
          <reporter-output>
          </reporter-output>
        </test-method> <!-- create_shipment -->
        <test-method status="PASS" signature="tearDown()[pri:0, instance:com.qa.shipment.test.Login@1e88b3c]" name="tearDown" is-config="true" duration-ms="2308" started-at="2019-01-04T12:29:05Z" finished-at="2019-01-04T12:29:07Z">
          <reporter-output>
          </reporter-output>
        </test-method> <!-- tearDown -->
      </class> <!-- com.qa.shipment.test.Login -->
    </test> <!-- Default test -->
  </suite> <!-- Default suite -->
</testng-results>
