<?xml version="1.0" encoding="UTF-8"?>
<testng-results skipped="0" failed="0" ignored="0" total="3" passed="3">
  <reporter-output>
  </reporter-output>
  <suite name="Shipment Module Automation Test Suite" duration-ms="302567" started-at="2019-01-02T10:36:06Z" finished-at="2019-01-02T10:41:09Z">
    <groups>
    </groups>
    <test name="Shipment Module" duration-ms="302567" started-at="2019-01-02T10:36:06Z" finished-at="2019-01-02T10:41:09Z">
      <class name="com.qa.shipment.test.Login">
        <test-method status="PASS" signature="logincredentials()[pri:0, instance:com.qa.shipment.test.Login@3bfdc050]" name="logincredentials" is-config="true" duration-ms="16284" started-at="2019-01-02T10:36:06Z" finished-at="2019-01-02T10:36:22Z">
          <reporter-output>
          </reporter-output>
        </test-method> <!-- logincredentials -->
        <test-method status="PASS" signature="create_shipment()[pri:0, instance:com.qa.shipment.test.Login@3bfdc050]" name="create_shipment" duration-ms="169675" started-at="2019-01-02T10:36:22Z" finished-at="2019-01-02T10:39:12Z">
          <reporter-output>
          </reporter-output>
        </test-method> <!-- create_shipment -->
        <test-method status="PASS" signature="tearDown()[pri:0, instance:com.qa.shipment.test.Login@3bfdc050]" name="tearDown" is-config="true" duration-ms="2322" started-at="2019-01-02T10:39:12Z" finished-at="2019-01-02T10:39:14Z">
          <reporter-output>
          </reporter-output>
        </test-method> <!-- tearDown -->
        <test-method status="PASS" signature="logincredentials()[pri:0, instance:com.qa.shipment.test.Login@3bfdc050]" name="logincredentials" is-config="true" duration-ms="14550" started-at="2019-01-02T10:39:14Z" finished-at="2019-01-02T10:39:29Z">
          <reporter-output>
          </reporter-output>
        </test-method> <!-- logincredentials -->
        <test-method status="PASS" signature="search_shipment_global()[pri:0, instance:com.qa.shipment.test.Login@3bfdc050]" name="search_shipment_global" duration-ms="35834" started-at="2019-01-02T10:39:29Z" finished-at="2019-01-02T10:40:05Z">
          <reporter-output>
          </reporter-output>
        </test-method> <!-- search_shipment_global -->
        <test-method status="PASS" signature="tearDown()[pri:0, instance:com.qa.shipment.test.Login@3bfdc050]" name="tearDown" is-config="true" duration-ms="2313" started-at="2019-01-02T10:40:05Z" finished-at="2019-01-02T10:40:07Z">
          <reporter-output>
          </reporter-output>
        </test-method> <!-- tearDown -->
        <test-method status="PASS" signature="logincredentials()[pri:0, instance:com.qa.shipment.test.Login@3bfdc050]" name="logincredentials" is-config="true" duration-ms="14618" started-at="2019-01-02T10:40:07Z" finished-at="2019-01-02T10:40:22Z">
          <reporter-output>
          </reporter-output>
        </test-method> <!-- logincredentials -->
        <test-method status="PASS" signature="search_shipment_number()[pri:0, instance:com.qa.shipment.test.Login@3bfdc050]" name="search_shipment_number" duration-ms="44633" started-at="2019-01-02T10:40:22Z" finished-at="2019-01-02T10:41:06Z">
          <reporter-output>
          </reporter-output>
        </test-method> <!-- search_shipment_number -->
        <test-method status="PASS" signature="tearDown()[pri:0, instance:com.qa.shipment.test.Login@3bfdc050]" name="tearDown" is-config="true" duration-ms="2315" started-at="2019-01-02T10:41:06Z" finished-at="2019-01-02T10:41:09Z">
          <reporter-output>
          </reporter-output>
        </test-method> <!-- tearDown -->
      </class> <!-- com.qa.shipment.test.Login -->
    </test> <!-- Shipment Module -->
  </suite> <!-- Shipment Module Automation Test Suite -->
</testng-results>
